<?xml version="1.0" encoding="UTF-8"?>
<!-- Generated by org.testng.reporters.JUnitReportReporter -->
<testsuite hostname="DESKTOP-B9BQK7S" failures="0" tests="1" name="testCases.AccountRegTest" time="4.347" errors="0" timestamp="2023-08-12T20:51:35 IST" skipped="0">
  <testcase classname="testCases.AccountRegTest" name="accountRegTest" time="4.347"/>
  <system-out/>
</testsuite> <!-- testCases.AccountRegTest -->
