<?xml version="1.0" encoding="UTF-8"?>
<!-- Generated by org.testng.reporters.JUnitReportReporter -->
<testsuite hostname="DESKTOP-B9BQK7S" failures="0" tests="1" name="testCases.AccountRegTest" time="5.308" errors="0" timestamp="2023-09-03T15:59:10 IST" skipped="0">
  <testcase classname="testCases.AccountRegTest" name="accountRegTest" time="5.308"/>
  <system-out/>
</testsuite> <!-- testCases.AccountRegTest -->
